<?xml version="1.0" encoding="UTF-8"?>
<!-- Generated by org.testng.reporters.JUnitReportReporter -->
<testsuite skipped="0" hostname="LTPI0006" name="com.zoopla.test.ForSalePageTest" tests="1" failures="0" timestamp="18 Feb 2021 11:24:59 GMT" time="56.510" errors="0">
  <testcase name="verifyPropertiesDescendingOrder" time="56.510" classname="com.zoopla.test.ForSalePageTest"/>
</testsuite> <!-- com.zoopla.test.ForSalePageTest -->
