<?xml version="1.0" encoding="UTF-8"?>
<!-- Generated by org.testng.reporters.JUnitReportReporter -->
<testsuite skipped="0" hostname="LTPI0006" name="com.zoopla.test.LocalDriver" tests="2" failures="0" timestamp="18 Feb 2021 06:18:38 GMT" time="15.951" errors="0">
  <testcase name="test1" time="6.315" classname="com.zoopla.test.LocalDriver"/>
  <testcase name="test2" time="9.636" classname="com.zoopla.test.LocalDriver"/>
</testsuite> <!-- com.zoopla.test.LocalDriver -->
