<?xml version="1.0" encoding="UTF-8"?>
<!-- Generated by org.testng.reporters.JUnitReportReporter -->
<testsuite skipped="0" hostname="LTPI0006" name="com.zoopla.test.Demo" tests="2" failures="0" timestamp="17 Feb 2021 16:51:50 GMT" time="7.997" errors="0">
  <testcase name="verifygoogl1" time="7.763" classname="com.zoopla.test.Demo"/>
  <testcase name="verifygoogle2" time="0.234" classname="com.zoopla.test.Demo"/>
</testsuite> <!-- com.zoopla.test.Demo -->
