<?xml version="1.0" encoding="UTF-8"?>
<!-- Generated by org.testng.reporters.JUnitReportReporter -->
<testsuite skipped="0" hostname="LTPI0006" name="com.zoopla.test.LocalTest" tests="2" failures="0" timestamp="18 Feb 2021 06:53:05 GMT" time="17.403" errors="0">
  <testcase name="test1" time="7.380" classname="com.zoopla.test.LocalTest"/>
  <testcase name="test2" time="10.023" classname="com.zoopla.test.LocalTest"/>
</testsuite> <!-- com.zoopla.test.LocalTest -->
