<?xml version="1.0" encoding="UTF-8"?>
<!-- Generated by org.testng.reporters.JUnitReportReporter -->
<testsuite skipped="0" hostname="LTPI0006" name="com.zoopla.test.HomePageTest" tests="2" failures="0" timestamp="18 Feb 2021 11:24:59 GMT" time="87.561" errors="0">
  <testcase name="verifyHomePageTitleTest" time="28.647" classname="com.zoopla.test.HomePageTest"/>
  <testcase name="verifyLocationSearchTest" time="58.914" classname="com.zoopla.test.HomePageTest"/>
</testsuite> <!-- com.zoopla.test.HomePageTest -->
